Using pre-set license
Built from '2020.2/release' branch; Version is '2020.2.0f1 (3721df5a8b28) revision 3613151'; Using compiler version '192528614'; Build Type 'Release'
OS: 'Windows 10  (10.0.0) 64bit' Language: 'fr' Physical Memory: 16167 MB
BatchMode: 1, IsHumanControllingUs: 0, StartBugReporterOnCrash: 0, Is64bit: 1, IsPro: 0

 COMMAND LINE ARGUMENTS:
C:\Program Files\Unity\Editor\Unity.exe
-adb2
-batchMode
-noUpm
-name
AssetImportWorker0
-projectPath
D:/ETNA/Modules/IDV/G4ME/group-978548/1-tilemap_et_collisions/IDV4-Etape_1
-logFile
Logs/AssetImportWorker0.log
-srvPort
58631
Successfully changed project path to: D:/ETNA/Modules/IDV/G4ME/group-978548/1-tilemap_et_collisions/IDV4-Etape_1
D:/ETNA/Modules/IDV/G4ME/group-978548/1-tilemap_et_collisions/IDV4-Etape_1
Using Asset Import Pipeline V2.
Refreshing native plugins compatible for Editor in 32.14 ms, found 1 plugins.
Preloading 0 native plugins for Editor in 0.00 ms.
Initialize engine version: 2020.2.0f1 (3721df5a8b28)
[Subsystems] Discovering subsystems at path C:/Program Files/Unity/Editor/Data/Resources/UnitySubsystems
[Subsystems] Discovering subsystems at path D:/ETNA/Modules/IDV/G4ME/group-978548/1-tilemap_et_collisions/IDV4-Etape_1/Assets
GfxDevice: creating device client; threaded=0
Direct3D:
    Version:  Direct3D 11.0 [level 11.1]
    Renderer: Intel(R) Iris(R) Xe Graphics (ID=0x9a49)
    Vendor:   
    VRAM:     8083 MB
    Driver:   27.20.100.9664
Initialize mono
Mono path[0] = 'C:/Program Files/Unity/Editor/Data/Managed'
Mono path[1] = 'C:/Program Files/Unity/Editor/Data/MonoBleedingEdge/lib/mono/unityjit'
Mono config path = 'C:/Program Files/Unity/Editor/Data/MonoBleedingEdge/etc'
Using monoOptions --debugger-agent=transport=dt_socket,embedding=1,server=y,suspend=n,address=127.0.0.1:56340
Begin MonoManager ReloadAssembly
Registering precompiled unity dll's ...
Register platform support module: C:/Program Files/Unity/Editor/Data/PlaybackEngines/WindowsStandaloneSupport/UnityEditor.WindowsStandalone.Extensions.dll
Registered in 0.001577 seconds.
Native extension for WindowsStandalone target not found
Refreshing native plugins compatible for Editor in 35.52 ms, found 1 plugins.
Preloading 0 native plugins for Editor in 0.00 ms.
Invoked RoslynAnalysisRunner static constructor.
RoslynAnalysisRunner will not be running.
RoslynAnalysisRunner has terminated.
Mono: successfully reloaded assembly
- Completed reload, in  0.918 seconds
Platform modules already initialized, skipping
Registering precompiled user dll's ...
Registered in 0.000686 seconds.
Begin MonoManager ReloadAssembly
Native extension for WindowsStandalone target not found
Refreshing native plugins compatible for Editor in 30.74 ms, found 1 plugins.
Preloading 0 native plugins for Editor in 0.00 ms.
Invoked RoslynAnalysisRunner static constructor.
RoslynAnalysisRunner will not be running.
RoslynAnalysisRunner has terminated.
Mono: successfully reloaded assembly
- Completed reload, in  0.672 seconds
Platform modules already initialized, skipping
========================================================================
Worker process is ready to serve import requests
Launched and connected shader compiler UnityShaderCompiler.exe after 0.04 seconds
Refreshing native plugins compatible for Editor in 0.67 ms, found 1 plugins.
Preloading 0 native plugins for Editor in 0.00 ms.
Unloading 1817 Unused Serialized files (Serialized files now loaded: 0)
System memory in use before: 86.9 MB.
System memory in use after: 86.9 MB.

Unloading 24 unused Assets to reduce memory usage. Loaded Objects now: 2259.
Total: 3.504500 ms (FindLiveObjects: 0.388500 ms CreateObjectMapping: 0.182900 ms MarkObjects: 2.723600 ms  DeleteObjects: 0.206200 ms)

========================================================================
Received Import Request.
  path: Assets/Scenes/New Scene.unity
  artifactKey: Guid(40b7708fa52ce65408c98bfc9432f863) Importer(815301076,1909f56bfc062723c751e8b465ee728b)
Start importing Assets/Scenes/New Scene.unity using Guid(40b7708fa52ce65408c98bfc9432f863) Importer(815301076,1909f56bfc062723c751e8b465ee728b)  -> (artifact id: 'a305f7b0d9aec53645d9ea862fb80f81') in 0.023551 seconds
  Import took 0.028388 seconds .

========================================================================
Received Import Request.
  Time since last request: 9.942363 seconds.
  path: Assets/Scenes/Level1-1.unity
  artifactKey: Guid(40b7708fa52ce65408c98bfc9432f863) Importer(815301076,1909f56bfc062723c751e8b465ee728b)
Start importing Assets/Scenes/Level1-1.unity using Guid(40b7708fa52ce65408c98bfc9432f863) Importer(815301076,1909f56bfc062723c751e8b465ee728b)  -> (artifact id: '5fcac2bf11db6f682eb897a9ea604605') in 0.010450 seconds
  Import took 0.015688 seconds .

========================================================================
Received Import Request.
  Time since last request: 10.122540 seconds.
  path: Assets/Scenes/Level-1-1.unity
  artifactKey: Guid(40b7708fa52ce65408c98bfc9432f863) Importer(815301076,1909f56bfc062723c751e8b465ee728b)
Start importing Assets/Scenes/Level-1-1.unity using Guid(40b7708fa52ce65408c98bfc9432f863) Importer(815301076,1909f56bfc062723c751e8b465ee728b)  -> (artifact id: '317cc5f5de02d4f6cb6667d17cf9fe58') in 0.010466 seconds
  Import took 0.014189 seconds .

========================================================================
Received Prepare
Registering precompiled user dll's ...
Registered in 0.000636 seconds.
Begin MonoManager ReloadAssembly
Native extension for WindowsStandalone target not found
Refreshing native plugins compatible for Editor in 0.36 ms, found 1 plugins.
Preloading 0 native plugins for Editor in 0.00 ms.
Invoked RoslynAnalysisRunner static constructor.
RoslynAnalysisRunner will not be running.
RoslynAnalysisRunner has terminated.
Mono: successfully reloaded assembly
- Completed reload, in  0.688 seconds
Platform modules already initialized, skipping
Refreshing native plugins compatible for Editor in 0.36 ms, found 1 plugins.
Preloading 0 native plugins for Editor in 0.00 ms.
Unloading 1797 Unused Serialized files (Serialized files now loaded: 0)
System memory in use before: 85.9 MB.
System memory in use after: 85.9 MB.

Unloading 12 unused Assets to reduce memory usage. Loaded Objects now: 2262.
Total: 2.766700 ms (FindLiveObjects: 0.346800 ms CreateObjectMapping: 0.140700 ms MarkObjects: 2.084700 ms  DeleteObjects: 0.192700 ms)

========================================================================
Received Prepare
Registering precompiled user dll's ...
Registered in 0.001575 seconds.
Begin MonoManager ReloadAssembly
Native extension for WindowsStandalone target not found
Refreshing native plugins compatible for Editor in 0.80 ms, found 1 plugins.
Preloading 0 native plugins for Editor in 0.00 ms.
Invoked RoslynAnalysisRunner static constructor.
RoslynAnalysisRunner will not be running.
RoslynAnalysisRunner has terminated.
Mono: successfully reloaded assembly
- Completed reload, in  0.948 seconds
Platform modules already initialized, skipping
Refreshing native plugins compatible for Editor in 0.38 ms, found 1 plugins.
Preloading 0 native plugins for Editor in 0.00 ms.
Unloading 1797 Unused Serialized files (Serialized files now loaded: 0)
System memory in use before: 86.1 MB.
System memory in use after: 86.1 MB.

Unloading 12 unused Assets to reduce memory usage. Loaded Objects now: 2265.
Total: 3.653600 ms (FindLiveObjects: 0.612100 ms CreateObjectMapping: 0.058400 ms MarkObjects: 2.769600 ms  DeleteObjects: 0.211900 ms)

========================================================================
Received Import Request.
  Time since last request: 14721.531261 seconds.
  path: Assets/Scenes/Level-1-1.unity
  artifactKey: Guid(40b7708fa52ce65408c98bfc9432f863) Importer(815301076,1909f56bfc062723c751e8b465ee728b)
Start importing Assets/Scenes/Level-1-1.unity using Guid(40b7708fa52ce65408c98bfc9432f863) Importer(815301076,1909f56bfc062723c751e8b465ee728b)  -> (artifact id: '4bb1a7c5251ce458376c71894eb8e2e8') in 0.181766 seconds
  Import took 0.251161 seconds .

========================================================================
Received Import Request.
  Time since last request: 1162.730137 seconds.
  path: Assets/Scenes/Level-1-1.unity
  artifactKey: Guid(40b7708fa52ce65408c98bfc9432f863) Importer(815301076,1909f56bfc062723c751e8b465ee728b)
Start importing Assets/Scenes/Level-1-1.unity using Guid(40b7708fa52ce65408c98bfc9432f863) Importer(815301076,1909f56bfc062723c751e8b465ee728b)  -> (artifact id: '1042ee4c855b089e38c3d85fe7e48a82') in 0.003552 seconds
  Import took 0.009036 seconds .

========================================================================
Received Prepare
Registering precompiled user dll's ...
Registered in 0.001429 seconds.
Begin MonoManager ReloadAssembly
Native extension for WindowsStandalone target not found
Refreshing native plugins compatible for Editor in 0.78 ms, found 1 plugins.
Preloading 0 native plugins for Editor in 0.00 ms.
Invoked RoslynAnalysisRunner static constructor.
RoslynAnalysisRunner will not be running.
RoslynAnalysisRunner has terminated.
Mono: successfully reloaded assembly
- Completed reload, in  1.534 seconds
Platform modules already initialized, skipping
Refreshing native plugins compatible for Editor in 0.49 ms, found 1 plugins.
Preloading 0 native plugins for Editor in 0.00 ms.
Unloading 1797 Unused Serialized files (Serialized files now loaded: 0)
System memory in use before: 86.4 MB.
System memory in use after: 86.4 MB.

Unloading 12 unused Assets to reduce memory usage. Loaded Objects now: 2268.
Total: 4.127000 ms (FindLiveObjects: 0.561600 ms CreateObjectMapping: 0.356600 ms MarkObjects: 2.902200 ms  DeleteObjects: 0.303700 ms)

AssetImportWorkerClient::OnTransportError - code=2 error=End of file
